Add component: Footprint Not Found 0878310641
Added Component: Designator=J12(0878310641)
Add component: Footprint Not Found FP-RC0603-0_55-IPC_C
Add component: Footprint Not Found FP-RC0603-0_55-IPC_C
Add component: Footprint Not Found FP-RC0603-0_55-IPC_C
Add component: Footprint Not Found FP-RC0603-0_55-IPC_C
Add component: Footprint Not Found FP-RC0603-0_55-IPC_C
Add component: Footprint Not Found FP-RC0603-0_55-IPC_C
Add Pin To Net: Unknown Pin: Pin J5-1
Add Pin To Net: Unknown Pin: Pin J5-2
Add Pin To Net: Unknown Pin: Pin J12-1
Add Pin To Net: Unknown Pin: Pin J12-3
Add Pin To Net: Unknown Pin: Pin J12-4
Add Pin To Net: Unknown Pin: Pin J12-5
Add Pin To Net: Unknown Pin: Pin R3-1
Add Pin To Net: Unknown Pin: Pin R3-2
Add Pin To Net: Unknown Pin: Pin R4-1
Add Pin To Net: Unknown Pin: Pin R4-2
Add Pin To Net: Unknown Pin: Pin R5-1
Add Pin To Net: Unknown Pin: Pin R5-2
Add Pin To Net: Unknown Pin: Pin R7-1
Add Pin To Net: Unknown Pin: Pin R7-2
Add Pin To Net: Unknown Pin: Pin R8-1
Add Pin To Net: Unknown Pin: Pin R8-2
Add Pin To Net: Unknown Pin: Pin R9-1
Add Pin To Net: Unknown Pin: Pin R9-2
Add Class Member: Failed to add class member : Component J5 0878310641
Add Class Member: Failed to add class member : Component J12 BNO055
Add Class Member: Failed to add class member : Component R3 100
Add Class Member: Failed to add class member : Component R4 100
Add Class Member: Failed to add class member : Component R5 100
Add Class Member: Failed to add class member : Component R7 10k
Add Class Member: Failed to add class member : Component R8 10k
Add Class Member: Failed to add class member : Component R9 10k
